<?xml version="1.0" encoding="UTF-8" ?>
<testsuites>
 <testsuite name="Library/Common_script" package="Demo Test Suite.suite" timestamp="2026-01-12 21:25:08.503 +0530"
 tests="1"  failures="1" errors="1" time="11.810000">
  <properties>
   <property name="RunDate" value="2026-01-12 21:25:08.503 +0530"/>
   <property name="Status" value="Failure"/>
  </properties>
  <testcase name="Library/Common.script" assertions="1" status="error"  time="11.795">
    <failure type="FAILURE" message="Image Not Found: doubleclick Error - No Image Found On Screen: &quot;Chrome&quot; -- Execution Time 0:00:11 Library/Common.script" />
    <error type="Exception" message="No Image Found On Screen: &quot;Chrome&quot;" />
  </testcase>
 </testsuite>
</testsuites>
