<?xml version="1.0" encoding="UTF-8" ?>
<testsuites>
 <testsuite name="TC1_script" package="Demo Test Suite.suite" timestamp="2026-01-08 15:12:37.642 +0530"
 tests="1"  failures="1" errors="1" time="0.173000">
  <properties>
   <property name="RunDate" value="2026-01-08 15:12:37.642 +0530"/>
   <property name="Status" value="Failure"/>
  </properties>
  <testcase name="TC1.script" assertions="1" status="error"  time="0.165">
    <failure type="FAILURE" message="Error Running Script Command: WaitFor Error - Too Few Parameters, please use waitfor time, image1[, imageX] -- Execution Time 0:00:00 TC1.script" />
    <error type="Exception" message="Too Few Parameters, please use waitfor time, image1[, imageX]" />
  </testcase>
 </testsuite>
</testsuites>
