<?xml version="1.0" encoding="UTF-8" ?>
<testsuites>
 <testsuite name="Library/xception_script" package="Demo Test Suite.suite" timestamp="2026-01-13 22:53:35.814 +0530"
 tests="1"  failures="1" errors="0" time="0.033000">
  <properties>
   <property name="RunDate" value="2026-01-13 22:53:35.814 +0530"/>
   <property name="Status" value="Failure"/>
  </properties>
  <testcase name="Library/xception.script" assertions="1" status="failure"  time="0.003">
    <failure type="FAILURE" message="SenseTalk Compiler Exception: in xception:\nSyntax Error at line 3: can&apos;t understand &quot;end&quot; at character 1 -- Execution Time 0:00:00 Library/xception.script" />
  </testcase>
 </testsuite>
</testsuites>
