2026-01-13 22:53:35.828 +0530	START		Running Library/xception.script
2026-01-13 22:53:35.855 +0530	EndTestCase		(Duration:"0.003", Errors:"1", Exceptions:"0", StartTime:"2026-01-13 22:53:35 +0530", Successes:"0", TestCase:"Library/xception.script", Warnings:"0")
2026-01-13 22:53:36.346 +0530	FAILURE	Screen_Error.png	SenseTalk Compiler Exception: in xception:\nSyntax Error at line 3: can't understand "end" at character 1 -- Execution Time 0:00:00 Library/xception.script
