<?xml version="1.0" encoding="UTF-8" ?>
<testsuites>
 <testsuite name="Library/Common_script" package="Demo Test Suite.suite" timestamp="2026-01-12 21:25:29.702 +0530"
 tests="1"  failures="1" errors="0" time="13.670000">
  <properties>
   <property name="RunDate" value="2026-01-12 21:25:29.702 +0530"/>
   <property name="Status" value="Failure"/>
  </properties>
  <testcase name="Library/Common.script" assertions="1" status="failure"  time="13.655">
    <failure type="FAILURE" message="Error Running Script Command: set Error - Invalid Rectangle: 0 -- Execution Time 0:00:13 Library/Common.script" />
  </testcase>
 </testsuite>
</testsuites>
