<?xml version="1.0" encoding="UTF-8" ?>
<testsuites>
 <testsuite name="New/TC3_script" package="Demo Test Suite.suite" timestamp="2026-01-08 22:34:51.471 +0530"
 tests="1"  failures="1" errors="0" time="0.130000">
  <properties>
   <property name="RunDate" value="2026-01-08 22:34:51.471 +0530"/>
   <property name="Status" value="Failure"/>
  </properties>
  <testcase name="New/TC3.script" assertions="1" status="failure"  time="0.122">
    <failure type="FAILURE" message="STInvalidNumber: Value is not a number: &apos;999 to 10&apos; -- Execution Time 0:00:00 New/TC3.script" />
  </testcase>
 </testsuite>
</testsuites>
