<?xml version="1.0" encoding="UTF-8" ?>
<testsuites>
 <testsuite name="RunTC_script" package="Demo Test Suite.suite" timestamp="2026-01-08 16:28:07.660 +0530"
 tests="1"  failures="1" errors="1" time="0.226000">
  <properties>
   <property name="RunDate" value="2026-01-08 16:28:07.660 +0530"/>
   <property name="Status" value="Failure"/>
  </properties>
  <testcase name="RunTC.script" assertions="1" status="error"  time="0.195">
    <failure type="FAILURE" message="File Not Found: doubleclick Error - Could Not Open Image: Holidaycalendar -- Execution Time 0:00:00 RunTC.script" />
    <error type="Exception" message="Could Not Open Image: Holidaycalendar" />
  </testcase>
 </testsuite>
</testsuites>
