<?xml version="1.0" encoding="UTF-8" ?>
<testsuites>
 <testsuite name="Library/Script1_script" package="Demo Test Suite.suite" timestamp="2026-01-12 21:34:38.775 +0530"
 tests="1"  failures="1" errors="0" time="0.192000">
  <properties>
   <property name="RunDate" value="2026-01-12 21:34:38.775 +0530"/>
   <property name="Status" value="Failure"/>
  </properties>
  <testcase name="Library/Script1.script" assertions="1" status="failure"  time="0.179">
    <failure type="FAILURE" message="STUnknownMessage: ERROR: No Such Command: &apos;opensite&apos; -- Execution Time 0:00:00 Library/Script1.script" />
  </testcase>
 </testsuite>
</testsuites>
