2026-01-12 22:41:26.741 +0530	START		Running Library/Tst2.script
2026-01-12 22:41:26.747 +0530	EndTestCase		(Duration:"0.002", Errors:"1", Exceptions:"0", StartTime:"2026-01-12 22:41:26 +0530", Successes:"0", TestCase:"Library/Tst2.script", Warnings:"0")
2026-01-12 22:41:27.247 +0530	FAILURE	Screen_Error.png	SenseTalk Compiler Exception: in tst2:\nSyntax Error at line 30: can't understand "into" at character 7 -- Execution Time 0:00:00 Library/Tst2.script
