<?xml version="1.0" encoding="UTF-8" ?>
<testsuites>
 <testsuite name="Library/Tst2_script" package="Demo Test Suite.suite" timestamp="2026-01-12 22:41:26.730 +0530"
 tests="1"  failures="1" errors="0" time="0.016000">
  <properties>
   <property name="RunDate" value="2026-01-12 22:41:26.730 +0530"/>
   <property name="Status" value="Failure"/>
  </properties>
  <testcase name="Library/Tst2.script" assertions="1" status="failure"  time="0.002">
    <failure type="FAILURE" message="SenseTalk Compiler Exception: in tst2:\nSyntax Error at line 30: can&apos;t understand &quot;into&quot; at character 7 -- Execution Time 0:00:00 Library/Tst2.script" />
  </testcase>
 </testsuite>
</testsuites>
