<?xml version="1.0" encoding="UTF-8" ?>
<testsuites>
 <testsuite name="Untitled_apitest" package="Demo Test Suite.suite" timestamp="2026-01-13 23:08:36.332 +0530"
 tests="1"  failures="1" errors="0" time="0.831000">
  <properties>
   <property name="RunDate" value="2026-01-13 23:08:36.332 +0530"/>
   <property name="Status" value="Failure"/>
  </properties>
  <testcase name="Untitled.apitest" assertions="2" status="failure"  time="0.819">
    <failure type="FAILURE" message="Invalid JSON: Can&apos;t get value of JSON expression -- Execution Time 0:00:00 Untitled.apitest" />
  </testcase>
 </testsuite>
</testsuites>
