<?xml version="1.0" encoding="UTF-8" ?>
<testsuites>
 <testsuite name="Library/Tst1_script" package="Demo Test Suite.suite" timestamp="2026-01-13 11:32:44.509 +0530"
 tests="1"  failures="1" errors="0" time="0.028000">
  <properties>
   <property name="RunDate" value="2026-01-13 11:32:44.509 +0530"/>
   <property name="Status" value="Failure"/>
  </properties>
  <testcase name="Library/Tst1.script" assertions="1" status="failure"  time="0.004">
    <failure type="FAILURE" message="SenseTalk Compiler Exception: in tst1:\nSyntax Error at line 17: can&apos;t understand &quot;into&quot; at character 54 -- Execution Time 0:00:00 Library/Tst1.script" />
  </testcase>
 </testsuite>
</testsuites>
