2026-01-13 11:32:44.520 +0530	START		Running Library/Tst1.script
2026-01-13 11:32:44.549 +0530	EndTestCase		(Duration:"0.004", Errors:"1", Exceptions:"0", StartTime:"2026-01-13 11:32:44 +0530", Successes:"0", TestCase:"Library/Tst1.script", Warnings:"0")
2026-01-13 11:32:44.964 +0530	FAILURE	Screen_Error.png	SenseTalk Compiler Exception: in tst1:\nSyntax Error at line 17: can't understand "into" at character 54 -- Execution Time 0:00:00 Library/Tst1.script
