2026-01-12 22:10:29.373 +0530	START		Running Library/Tst2.script
2026-01-12 22:10:29.378 +0530	EndTestCase		(Duration:"0.002", Errors:"1", Exceptions:"0", StartTime:"2026-01-12 22:10:29 +0530", Successes:"0", TestCase:"Library/Tst2.script", Warnings:"0")
2026-01-12 22:10:29.908 +0530	FAILURE	Screen_Error.png	SenseTalk Compiler Exception: in tst2:\nSyntax Error at line 1: can't understand [end of line] at character 88 -- Execution Time 0:00:00 Library/Tst2.script
